# JRE version: OpenJDK Runtime Environment Zulu17.60+17-CA (17.0.16+8) (build 17.0.16+8-LTS)
# Java VM: OpenJDK 64-Bit Server VM Zulu17.60+17-CA (17.0.16+8-LTS, mixed mode, sharing, tiered, compressed oops, compressed class ptrs, g1 gc, windows-amd64)
GC Precious Log:
 CPUs: 8 total, 8 available
 Memory: 3982M
 Large Page Support: Disabled
 NUMA Support: Disabled
 Compressed Oops: Enabled (32-bit)
 Heap Region Size: 1M
 Heap Min Capacity: 8M
 Heap Initial Capacity: 64M
 Heap Max Capacity: 996M
 Pre-touch: Disabled
 Parallel Workers: 8
 Concurrent Workers: 2
 Concurrent Refinement Workers: 8
 Periodic GC: Disabled
Heap:
 garbage-first heap   total 55296K, used 22207K [0x00000000c1c00000, 0x0000000100000000)
  region size 1024K, 4 young (4096K), 3 survivors (3072K)
 Metaspace       used 35363K, committed 35712K, reserved 1114112K
  class space    used 4769K, committed 4928K, reserved 1048576K
GC Heap History (16 events):
Event: 5.319 GC heap before
{Heap before GC invocations=0 (full 0):
 garbage-first heap   total 65536K, used 24576K [0x00000000c1c00000, 0x0000000100000000)
  region size 1024K, 23 young (23552K), 0 survivors (0K)
 Metaspace       used 4809K, committed 4992K, reserved 1114112K
  class space    used 550K, committed 640K, reserved 1048576K
}
Event: 5.332 GC heap after
{Heap after GC invocations=1 (full 0):
 garbage-first heap   total 65536K, used 9668K [0x00000000c1c00000, 0x0000000100000000)
  region size 1024K, 3 young (3072K), 3 survivors (3072K)
 Metaspace       used 4809K, committed 4992K, reserved 1114112K
  class space    used 550K, committed 640K, reserved 1048576K
}
Event: 6.666 GC heap before
{Heap before GC invocations=1 (full 0):
 garbage-first heap   total 65536K, used 31172K [0x00000000c1c00000, 0x0000000100000000)
  region size 1024K, 24 young (24576K), 3 survivors (3072K)
 Metaspace       used 10199K, committed 10432K, reserved 1114112K
  class space    used 1267K, committed 1408K, reserved 1048576K
}
Event: 6.687 GC heap after
{Heap after GC invocations=2 (full 0):
 garbage-first heap   total 65536K, used 11393K [0x00000000c1c00000, 0x0000000100000000)
  region size 1024K, 2 young (2048K), 2 survivors (2048K)
 Metaspace       used 10199K, committed 10432K, reserved 1114112K
  class space    used 1267K, committed 1408K, reserved 1048576K
}
Event: 8.264 GC heap before
{Heap before GC invocations=2 (full 0):
 garbage-first heap   total 65536K, used 33921K [0x00000000c1c00000, 0x0000000100000000)
  region size 1024K, 24 young (24576K), 2 survivors (2048K)
 Metaspace       used 15493K, committed 15808K, reserved 1114112K
  class space    used 2081K, committed 2240K, reserved 1048576K
}
Event: 8.276 GC heap after
{Heap after GC invocations=3 (full 0):
 garbage-first heap   total 65536K, used 13104K [0x00000000c1c00000, 0x0000000100000000)
  region size 1024K, 2 young (2048K), 2 survivors (2048K)
 Metaspace       used 15493K, committed 15808K, reserved 1114112K
  class space    used 2081K, committed 2240K, reserved 1048576K
}
Event: 10.414 GC heap before
{Heap before GC invocations=3 (full 0):
 garbage-first heap   total 65536K, used 37680K [0x00000000c1c00000, 0x0000000100000000)
  region size 1024K, 27 young (27648K), 2 survivors (2048K)
 Metaspace       used 20781K, committed 21120K, reserved 1114112K
  class space    used 2871K, committed 3072K, reserved 1048576K
}
Event: 10.424 GC heap after
{Heap after GC invocations=4 (full 0):
 garbage-first heap   total 65536K, used 14595K [0x00000000c1c00000, 0x0000000100000000)
  region size 1024K, 4 young (4096K), 4 survivors (4096K)
 Metaspace       used 20781K, committed 21120K, reserved 1114112K
  class space    used 2871K, committed 3072K, reserved 1048576K
}
Event: 10.479 GC heap before
{Heap before GC invocations=4 (full 0):
 garbage-first heap   total 65536K, used 16643K [0x00000000c1c00000, 0x0000000100000000)
  region size 1024K, 7 young (7168K), 4 survivors (4096K)
 Metaspace       used 21211K, committed 21504K, reserved 1114112K
  class space    used 2902K, committed 3072K, reserved 1048576K
}
Event: 10.485 GC heap after
{Heap after GC invocations=5 (full 0):
 garbage-first heap   total 65536K, used 14718K [0x00000000c1c00000, 0x0000000100000000)
  region size 1024K, 2 young (2048K), 2 survivors (2048K)
 Metaspace       used 21211K, committed 21504K, reserved 1114112K
  class space    used 2902K, committed 3072K, reserved 1048576K
}
Event: 11.449 GC heap before
{Heap before GC invocations=6 (full 0):
 garbage-first heap   total 55296K, used 45438K [0x00000000c1c00000, 0x0000000100000000)
  region size 1024K, 32 young (32768K), 2 survivors (2048K)
 Metaspace       used 26270K, committed 26624K, reserved 1114112K
  class space    used 3524K, committed 3712K, reserved 1048576K
}
Event: 11.458 GC heap after
{Heap after GC invocations=7 (full 0):
 garbage-first heap   total 55296K, used 17006K [0x00000000c1c00000, 0x0000000100000000)
  region size 1024K, 4 young (4096K), 4 survivors (4096K)
 Metaspace       used 26270K, committed 26624K, reserved 1114112K
  class space    used 3524K, committed 3712K, reserved 1048576K
}
Event: 12.490 GC heap before
{Heap before GC invocations=7 (full 0):
 garbage-first heap   total 55296K, used 38510K [0x00000000c1c00000, 0x0000000100000000)
  region size 1024K, 26 young (26624K), 4 survivors (4096K)
 Metaspace       used 29208K, committed 29632K, reserved 1114112K
  class space    used 3888K, committed 4096K, reserved 1048576K
}
Event: 12.500 GC heap after
{Heap after GC invocations=8 (full 0):
 garbage-first heap   total 55296K, used 19020K [0x00000000c1c00000, 0x0000000100000000)
  region size 1024K, 3 young (3072K), 3 survivors (3072K)
 Metaspace       used 29208K, committed 29632K, reserved 1114112K
  class space    used 3888K, committed 4096K, reserved 1048576K
}
Event: 13.699 GC heap before
{Heap before GC invocations=8 (full 0):
 garbage-first heap   total 55296K, used 39500K [0x00000000c1c00000, 0x0000000100000000)
  region size 1024K, 23 young (23552K), 3 survivors (3072K)
 Metaspace       used 31850K, committed 32192K, reserved 1114112K
  class space    used 4243K, committed 4416K, reserved 1048576K
}
Event: 13.712 GC heap after
{Heap after GC invocations=9 (full 0):
 garbage-first heap   total 55296K, used 20326K [0x00000000c1c00000, 0x0000000100000000)
  region size 1024K, 2 young (2048K), 2 survivors (2048K)
 Metaspace       used 31850K, committed 32192K, reserved 1114112K
  class space    used 4243K, committed 4416K, reserved 1048576K
}

