# JRE version: OpenJDK Runtime Environment Temurin-21.0.8+9 (21.0.8+9) (build 21.0.8+9-LTS)
# Java VM: OpenJDK 64-Bit Server VM Temurin-21.0.8+9 (21.0.8+9-LTS, mixed mode, sharing, tiered, compressed oops, compressed class ptrs, parallel gc, windows-amd64)
GC Precious Log:
 CardTable entry size: 512
 CPUs: 8 total, 8 available
 Memory: 3982M
 Large Page Support: Disabled
 NUMA Support: Disabled
 Compressed Oops: Enabled (32-bit)
 Alignments: Space 512K, Generation 512K, Heap 2M
 Heap Min Capacity: 100M
 Heap Initial Capacity: 100M
 Heap Max Capacity: 2G
 Pre-touch: Disabled
 Parallel Workers: 8
Heap:
 PSYoungGen      total 6144K, used 5092K [0x00000000d5580000, 0x00000000d5c80000, 0x0000000100000000)
  eden space 5120K, 84% used [0x00000000d5580000,0x00000000d59b9248,0x00000000d5a80000)
  from space 1024K, 75% used [0x00000000d5b00000,0x00000000d5bc0000,0x00000000d5c00000)
  to   space 512K, 0% used [0x00000000d5c00000,0x00000000d5c00000,0x00000000d5c80000)
 ParOldGen       total 875520K, used 874964K [0x0000000080000000, 0x00000000b5700000, 0x00000000d5580000)
  object space 875520K, 99% used [0x0000000080000000,0x00000000b56751d8,0x00000000b5700000)
 Metaspace       used 85083K, committed 86592K, reserved 1179648K
  class space    used 8697K, committed 9408K, reserved 1048576K
GC Heap History (20 events):
Event: 6916.624 GC heap before
{Heap before GC invocations=948 (full 5):
 PSYoungGen      total 3072K, used 2488K [0x00000000d5580000, 0x00000000d6000000, 0x0000000100000000)
  eden space 1536K, 100% used [0x00000000d5580000,0x00000000d5700000,0x00000000d5700000)
  from space 1536K, 61% used [0x00000000d5d00000,0x00000000d5dee000,0x00000000d5e80000)
  to   space 1536K, 0% used [0x00000000d5e80000,0x00000000d5e80000,0x00000000d6000000)
 ParOldGen       total 804352K, used 804018K [0x0000000080000000, 0x00000000b1180000, 0x00000000d5580000)
  object space 804352K, 99% used [0x0000000080000000,0x00000000b112cbc0,0x00000000b1180000)
 Metaspace       used 84938K, committed 86464K, reserved 1179648K
  class space    used 8695K, committed 9408K, reserved 1048576K
}
Event: 6916.633 GC heap after
{Heap after GC invocations=948 (full 5):
 PSYoungGen      total 3072K, used 1008K [0x00000000d5580000, 0x00000000d5f80000, 0x0000000100000000)
  eden space 2048K, 0% used [0x00000000d5580000,0x00000000d5580000,0x00000000d5780000)
  from space 1024K, 98% used [0x00000000d5e80000,0x00000000d5f7c000,0x00000000d5f80000)
  to   space 1536K, 0% used [0x00000000d5c80000,0x00000000d5c80000,0x00000000d5e00000)
 ParOldGen       total 804864K, used 804674K [0x0000000080000000, 0x00000000b1200000, 0x00000000d5580000)
  object space 804864K, 99% used [0x0000000080000000,0x00000000b11d0bc0,0x00000000b1200000)
 Metaspace       used 84938K, committed 86464K, reserved 1179648K
  class space    used 8695K, committed 9408K, reserved 1048576K
}
Event: 6916.655 GC heap before
{Heap before GC invocations=949 (full 5):
 PSYoungGen      total 3072K, used 3056K [0x00000000d5580000, 0x00000000d5f80000, 0x0000000100000000)
  eden space 2048K, 100% used [0x00000000d5580000,0x00000000d5780000,0x00000000d5780000)
  from space 1024K, 98% used [0x00000000d5e80000,0x00000000d5f7c000,0x00000000d5f80000)
  to   space 1536K, 0% used [0x00000000d5c80000,0x00000000d5c80000,0x00000000d5e00000)
 ParOldGen       total 804864K, used 804674K [0x0000000080000000, 0x00000000b1200000, 0x00000000d5580000)
  object space 804864K, 99% used [0x0000000080000000,0x00000000b11d0bc0,0x00000000b1200000)
 Metaspace       used 84938K, committed 86464K, reserved 1179648K
  class space    used 8695K, committed 9408K, reserved 1048576K
}
Event: 6916.661 GC heap after
{Heap after GC invocations=949 (full 5):
 PSYoungGen      total 4096K, used 1536K [0x00000000d5580000, 0x00000000d5f00000, 0x0000000100000000)
  eden space 2560K, 0% used [0x00000000d5580000,0x00000000d5580000,0x00000000d5800000)
  from space 1536K, 100% used [0x00000000d5c80000,0x00000000d5e00000,0x00000000d5e00000)
  to   space 1024K, 0% used [0x00000000d5e00000,0x00000000d5e00000,0x00000000d5f00000)
 ParOldGen       total 805376K, used 805311K [0x0000000080000000, 0x00000000b1280000, 0x00000000d5580000)
  object space 805376K, 99% used [0x0000000080000000,0x00000000b126fe48,0x00000000b1280000)
 Metaspace       used 84938K, committed 86464K, reserved 1179648K
  class space    used 8695K, committed 9408K, reserved 1048576K
}
Event: 6916.685 GC heap before
{Heap before GC invocations=950 (full 5):
 PSYoungGen      total 4096K, used 3972K [0x00000000d5580000, 0x00000000d5f00000, 0x0000000100000000)
  eden space 2560K, 95% used [0x00000000d5580000,0x00000000d57e1318,0x00000000d5800000)
  from space 1536K, 100% used [0x00000000d5c80000,0x00000000d5e00000,0x00000000d5e00000)
  to   space 1024K, 0% used [0x00000000d5e00000,0x00000000d5e00000,0x00000000d5f00000)
 ParOldGen       total 805376K, used 805311K [0x0000000080000000, 0x00000000b1280000, 0x00000000d5580000)
  object space 805376K, 99% used [0x0000000080000000,0x00000000b126fe48,0x00000000b1280000)
 Metaspace       used 84939K, committed 86464K, reserved 1179648K
  class space    used 8695K, committed 9408K, reserved 1048576K
}
Event: 6916.691 GC heap after
{Heap after GC invocations=950 (full 5):
 PSYoungGen      total 3584K, used 320K [0x00000000d5580000, 0x00000000d5e80000, 0x0000000100000000)
  eden space 3072K, 0% used [0x00000000d5580000,0x00000000d5580000,0x00000000d5880000)
  from space 512K, 62% used [0x00000000d5e00000,0x00000000d5e50000,0x00000000d5e80000)
  to   space 1024K, 0% used [0x00000000d5c80000,0x00000000d5c80000,0x00000000d5d80000)
 ParOldGen       total 807424K, used 806807K [0x0000000080000000, 0x00000000b1480000, 0x00000000d5580000)
  object space 807424K, 99% used [0x0000000080000000,0x00000000b13e5e48,0x00000000b1480000)
 Metaspace       used 84939K, committed 86464K, reserved 1179648K
  class space    used 8695K, committed 9408K, reserved 1048576K
}
Event: 6916.707 GC heap before
{Heap before GC invocations=951 (full 5):
 PSYoungGen      total 3584K, used 3345K [0x00000000d5580000, 0x00000000d5e80000, 0x0000000100000000)
  eden space 3072K, 98% used [0x00000000d5580000,0x00000000d58745e8,0x00000000d5880000)
  from space 512K, 62% used [0x00000000d5e00000,0x00000000d5e50000,0x00000000d5e80000)
  to   space 1024K, 0% used [0x00000000d5c80000,0x00000000d5c80000,0x00000000d5d80000)
 ParOldGen       total 807424K, used 806807K [0x0000000080000000, 0x00000000b1480000, 0x00000000d5580000)
  object space 807424K, 99% used [0x0000000080000000,0x00000000b13e5e48,0x00000000b1480000)
 Metaspace       used 84939K, committed 86464K, reserved 1179648K
  class space    used 8695K, committed 9408K, reserved 1048576K
}
Event: 6916.712 GC heap after
{Heap after GC invocations=951 (full 5):
 PSYoungGen      total 5120K, used 1009K [0x00000000d5580000, 0x00000000d6080000, 0x0000000100000000)
  eden space 4096K, 0% used [0x00000000d5580000,0x00000000d5580000,0x00000000d5980000)
  from space 1024K, 98% used [0x00000000d5c80000,0x00000000d5d7c6c0,0x00000000d5d80000)
  to   space 3072K, 0% used [0x00000000d5d80000,0x00000000d5d80000,0x00000000d6080000)
 ParOldGen       total 808960K, used 808780K [0x0000000080000000, 0x00000000b1600000, 0x00000000d5580000)
  object space 808960K, 99% used [0x0000000080000000,0x00000000b15d31e0,0x00000000b1600000)
 Metaspace       used 84939K, committed 86464K, reserved 1179648K
  class space    used 8695K, committed 9408K, reserved 1048576K
}
Event: 6916.783 GC heap before
{Heap before GC invocations=952 (full 5):
 PSYoungGen      total 5120K, used 5105K [0x00000000d5580000, 0x00000000d6080000, 0x0000000100000000)
  eden space 4096K, 100% used [0x00000000d5580000,0x00000000d5980000,0x00000000d5980000)
  from space 1024K, 98% used [0x00000000d5c80000,0x00000000d5d7c6c0,0x00000000d5d80000)
  to   space 3072K, 0% used [0x00000000d5d80000,0x00000000d5d80000,0x00000000d6080000)
 ParOldGen       total 808960K, used 808780K [0x0000000080000000, 0x00000000b1600000, 0x00000000d5580000)
  object space 808960K, 99% used [0x0000000080000000,0x00000000b15d31e0,0x00000000b1600000)
 Metaspace       used 84946K, committed 86464K, reserved 1179648K
  class space    used 8695K, committed 9408K, reserved 1048576K
}
Event: 6916.792 GC heap after
{Heap after GC invocations=952 (full 5):
 PSYoungGen      total 7168K, used 1922K [0x00000000d5580000, 0x00000000d5f80000, 0x0000000100000000)
  eden space 5120K, 0% used [0x00000000d5580000,0x00000000d5580000,0x00000000d5a80000)
  from space 2048K, 93% used [0x00000000d5d80000,0x00000000d5f60a30,0x00000000d5f80000)
  to   space 2560K, 0% used [0x00000000d5a80000,0x00000000d5a80000,0x00000000d5d00000)
 ParOldGen       total 809984K, used 809770K [0x0000000080000000, 0x00000000b1700000, 0x00000000d5580000)
  object space 809984K, 99% used [0x0000000080000000,0x00000000b16cab38,0x00000000b1700000)
 Metaspace       used 84946K, committed 86464K, reserved 1179648K
  class space    used 8695K, committed 9408K, reserved 1048576K
}
Event: 6917.449 GC heap before
{Heap before GC invocations=953 (full 5):
 PSYoungGen      total 7168K, used 7042K [0x00000000d5580000, 0x00000000d5f80000, 0x0000000100000000)
  eden space 5120K, 100% used [0x00000000d5580000,0x00000000d5a80000,0x00000000d5a80000)
  from space 2048K, 93% used [0x00000000d5d80000,0x00000000d5f60a30,0x00000000d5f80000)
  to   space 2560K, 0% used [0x00000000d5a80000,0x00000000d5a80000,0x00000000d5d00000)
 ParOldGen       total 809984K, used 809770K [0x0000000080000000, 0x00000000b1700000, 0x00000000d5580000)
  object space 809984K, 99% used [0x0000000080000000,0x00000000b16cab38,0x00000000b1700000)
 Metaspace       used 85001K, committed 86528K, reserved 1179648K
  class space    used 8697K, committed 9408K, reserved 1048576K
}
Event: 6917.456 GC heap after
{Heap after GC invocations=953 (full 5):
 PSYoungGen      total 6144K, used 544K [0x00000000d5580000, 0x00000000d5e00000, 0x0000000100000000)
  eden space 5120K, 0% used [0x00000000d5580000,0x00000000d5580000,0x00000000d5a80000)
  from space 1024K, 53% used [0x00000000d5a80000,0x00000000d5b08000,0x00000000d5b80000)
  to   space 1536K, 0% used [0x00000000d5c80000,0x00000000d5c80000,0x00000000d5e00000)
 ParOldGen       total 812032K, used 811540K [0x0000000080000000, 0x00000000b1900000, 0x00000000d5580000)
  object space 812032K, 99% used [0x0000000080000000,0x00000000b18852d0,0x00000000b1900000)
 Metaspace       used 85001K, committed 86528K, reserved 1179648K
  class space    used 8697K, committed 9408K, reserved 1048576K
}
Event: 6918.991 GC heap before
{Heap before GC invocations=954 (full 5):
 PSYoungGen      total 6144K, used 5664K [0x00000000d5580000, 0x00000000d5e00000, 0x0000000100000000)
  eden space 5120K, 100% used [0x00000000d5580000,0x00000000d5a80000,0x00000000d5a80000)
  from space 1024K, 53% used [0x00000000d5a80000,0x00000000d5b08000,0x00000000d5b80000)
  to   space 1536K, 0% used [0x00000000d5c80000,0x00000000d5c80000,0x00000000d5e00000)
 ParOldGen       total 875520K, used 872980K [0x0000000080000000, 0x00000000b5700000, 0x00000000d5580000)
  object space 875520K, 99% used [0x0000000080000000,0x00000000b5485330,0x00000000b5700000)
 Metaspace       used 85013K, committed 86528K, reserved 1179648K
  class space    used 8697K, committed 9408K, reserved 1048576K
}
Event: 6918.997 GC heap after
{Heap after GC invocations=954 (full 5):
 PSYoungGen      total 5632K, used 372K [0x00000000d5580000, 0x00000000d5d00000, 0x0000000100000000)
  eden space 5120K, 0% used [0x00000000d5580000,0x00000000d5580000,0x00000000d5a80000)
  from space 512K, 72% used [0x00000000d5c80000,0x00000000d5cdd200,0x00000000d5d00000)
  to   space 1024K, 0% used [0x00000000d5b00000,0x00000000d5b00000,0x00000000d5c00000)
 ParOldGen       total 875520K, used 873452K [0x0000000080000000, 0x00000000b5700000, 0x00000000d5580000)
  object space 875520K, 99% used [0x0000000080000000,0x00000000b54fb330,0x00000000b5700000)
 Metaspace       used 85013K, committed 86528K, reserved 1179648K
  class space    used 8697K, committed 9408K, reserved 1048576K
}
Event: 6919.212 GC heap before
{Heap before GC invocations=955 (full 5):
 PSYoungGen      total 5632K, used 5492K [0x00000000d5580000, 0x00000000d5d00000, 0x0000000100000000)
  eden space 5120K, 100% used [0x00000000d5580000,0x00000000d5a80000,0x00000000d5a80000)
  from space 512K, 72% used [0x00000000d5c80000,0x00000000d5cdd200,0x00000000d5d00000)
  to   space 1024K, 0% used [0x00000000d5b00000,0x00000000d5b00000,0x00000000d5c00000)
 ParOldGen       total 875520K, used 873452K [0x0000000080000000, 0x00000000b5700000, 0x00000000d5580000)
  object space 875520K, 99% used [0x0000000080000000,0x00000000b54fb330,0x00000000b5700000)
 Metaspace       used 85033K, committed 86592K, reserved 1179648K
  class space    used 8697K, committed 9408K, reserved 1048576K
}
Event: 6919.218 GC heap after
{Heap after GC invocations=955 (full 5):
 PSYoungGen      total 6144K, used 736K [0x00000000d5580000, 0x00000000d5d00000, 0x0000000100000000)
  eden space 5120K, 0% used [0x00000000d5580000,0x00000000d5580000,0x00000000d5a80000)
  from space 1024K, 71% used [0x00000000d5b00000,0x00000000d5bb8000,0x00000000d5c00000)
  to   space 1024K, 0% used [0x00000000d5c00000,0x00000000d5c00000,0x00000000d5d00000)
 ParOldGen       total 875520K, used 873733K [0x0000000080000000, 0x00000000b5700000, 0x00000000d5580000)
  object space 875520K, 99% used [0x0000000080000000,0x00000000b55417e8,0x00000000b5700000)
 Metaspace       used 85033K, committed 86592K, reserved 1179648K
  class space    used 8697K, committed 9408K, reserved 1048576K
}
Event: 6919.341 GC heap before
{Heap before GC invocations=956 (full 5):
 PSYoungGen      total 6144K, used 5856K [0x00000000d5580000, 0x00000000d5d00000, 0x0000000100000000)
  eden space 5120K, 100% used [0x00000000d5580000,0x00000000d5a80000,0x00000000d5a80000)
  from space 1024K, 71% used [0x00000000d5b00000,0x00000000d5bb8000,0x00000000d5c00000)
  to   space 1024K, 0% used [0x00000000d5c00000,0x00000000d5c00000,0x00000000d5d00000)
 ParOldGen       total 875520K, used 873733K [0x0000000080000000, 0x00000000b5700000, 0x00000000d5580000)
  object space 875520K, 99% used [0x0000000080000000,0x00000000b55417e8,0x00000000b5700000)
 Metaspace       used 85057K, committed 86592K, reserved 1179648K
  class space    used 8697K, committed 9408K, reserved 1048576K
}
Event: 6919.345 GC heap after
{Heap after GC invocations=956 (full 5):
 PSYoungGen      total 6144K, used 592K [0x00000000d5580000, 0x00000000d5d00000, 0x0000000100000000)
  eden space 5120K, 0% used [0x00000000d5580000,0x00000000d5580000,0x00000000d5a80000)
  from space 1024K, 57% used [0x00000000d5c00000,0x00000000d5c94200,0x00000000d5d00000)
  to   space 1024K, 0% used [0x00000000d5b00000,0x00000000d5b00000,0x00000000d5c00000)
 ParOldGen       total 875520K, used 874374K [0x0000000080000000, 0x00000000b5700000, 0x00000000d5580000)
  object space 875520K, 99% used [0x0000000080000000,0x00000000b55e1808,0x00000000b5700000)
 Metaspace       used 85057K, committed 86592K, reserved 1179648K
  class space    used 8697K, committed 9408K, reserved 1048576K
}
Event: 6919.364 GC heap before
{Heap before GC invocations=957 (full 5):
 PSYoungGen      total 6144K, used 5712K [0x00000000d5580000, 0x00000000d5d00000, 0x0000000100000000)
  eden space 5120K, 100% used [0x00000000d5580000,0x00000000d5a80000,0x00000000d5a80000)
  from space 1024K, 57% used [0x00000000d5c00000,0x00000000d5c94200,0x00000000d5d00000)
  to   space 1024K, 0% used [0x00000000d5b00000,0x00000000d5b00000,0x00000000d5c00000)
 ParOldGen       total 875520K, used 874374K [0x0000000080000000, 0x00000000b5700000, 0x00000000d5580000)
  object space 875520K, 99% used [0x0000000080000000,0x00000000b55e1808,0x00000000b5700000)
 Metaspace       used 85063K, committed 86592K, reserved 1179648K
  class space    used 8697K, committed 9408K, reserved 1048576K
}
Event: 6919.368 GC heap after
{Heap after GC invocations=957 (full 5):
 PSYoungGen      total 6144K, used 768K [0x00000000d5580000, 0x00000000d5c80000, 0x0000000100000000)
  eden space 5120K, 0% used [0x00000000d5580000,0x00000000d5580000,0x00000000d5a80000)
  from space 1024K, 75% used [0x00000000d5b00000,0x00000000d5bc0000,0x00000000d5c00000)
  to   space 512K, 0% used [0x00000000d5c00000,0x00000000d5c00000,0x00000000d5c80000)
 ParOldGen       total 875520K, used 874964K [0x0000000080000000, 0x00000000b5700000, 0x00000000d5580000)
  object space 875520K, 99% used [0x0000000080000000,0x00000000b56751d8,0x00000000b5700000)
 Metaspace       used 85063K, committed 86592K, reserved 1179648K
  class space    used 8697K, committed 9408K, reserved 1048576K
}

