# JRE version: OpenJDK Runtime Environment Temurin-21.0.8+9 (21.0.8+9) (build 21.0.8+9-LTS)
# Java VM: OpenJDK 64-Bit Server VM Temurin-21.0.8+9 (21.0.8+9-LTS, mixed mode, sharing, tiered, compressed oops, compressed class ptrs, parallel gc, windows-amd64)
GC Precious Log:
 CardTable entry size: 512
 CPUs: 8 total, 8 available
 Memory: 3982M
 Large Page Support: Disabled
 NUMA Support: Disabled
 Compressed Oops: Enabled (32-bit)
 Alignments: Space 512K, Generation 512K, Heap 2M
 Heap Min Capacity: 100M
 Heap Initial Capacity: 100M
 Heap Max Capacity: 2G
 Pre-touch: Disabled
 Parallel Workers: 8
Heap:
 PSYoungGen      total 4608K, used 18K [0x00000000d5580000, 0x00000000d5b00000, 0x0000000100000000)
  eden space 4096K, 0% used [0x00000000d5580000,0x00000000d5584860,0x00000000d5980000)
  from space 512K, 0% used [0x00000000d5a00000,0x00000000d5a00000,0x00000000d5a80000)
  to   space 512K, 0% used [0x00000000d5a80000,0x00000000d5a80000,0x00000000d5b00000)
 ParOldGen       total 536064K, used 69184K [0x0000000080000000, 0x00000000a0b80000, 0x00000000d5580000)
  object space 536064K, 12% used [0x0000000080000000,0x0000000084390340,0x00000000a0b80000)
 Metaspace       used 78393K, committed 80128K, reserved 1179648K
  class space    used 8087K, committed 8832K, reserved 1048576K
GC Heap History (20 events):
Event: 212.974 GC heap before
{Heap before GC invocations=584 (full 3):
 PSYoungGen      total 4608K, used 4480K [0x00000000d5580000, 0x00000000d5c00000, 0x0000000100000000)
  eden space 4096K, 100% used [0x00000000d5580000,0x00000000d5980000,0x00000000d5980000)
  from space 512K, 75% used [0x00000000d5b80000,0x00000000d5be0000,0x00000000d5c00000)
  to   space 1024K, 0% used [0x00000000d5a00000,0x00000000d5a00000,0x00000000d5b00000)
 ParOldGen       total 532992K, used 532672K [0x0000000080000000, 0x00000000a0880000, 0x00000000d5580000)
  object space 532992K, 99% used [0x0000000080000000,0x00000000a08303b0,0x00000000a0880000)
 Metaspace       used 78244K, committed 79936K, reserved 1179648K
  class space    used 8087K, committed 8832K, reserved 1048576K
}
Event: 212.979 GC heap after
{Heap after GC invocations=584 (full 3):
 PSYoungGen      total 5120K, used 820K [0x00000000d5580000, 0x00000000d5c00000, 0x0000000100000000)
  eden space 4096K, 0% used [0x00000000d5580000,0x00000000d5580000,0x00000000d5980000)
  from space 1024K, 80% used [0x00000000d5a00000,0x00000000d5acd200,0x00000000d5b00000)
  to   space 1024K, 0% used [0x00000000d5b00000,0x00000000d5b00000,0x00000000d5c00000)
 ParOldGen       total 532992K, used 532912K [0x0000000080000000, 0x00000000a0880000, 0x00000000d5580000)
  object space 532992K, 99% used [0x0000000080000000,0x00000000a086c3d0,0x00000000a0880000)
 Metaspace       used 78244K, committed 79936K, reserved 1179648K
  class space    used 8087K, committed 8832K, reserved 1048576K
}
Event: 213.003 GC heap before
{Heap before GC invocations=585 (full 3):
 PSYoungGen      total 5120K, used 4916K [0x00000000d5580000, 0x00000000d5c00000, 0x0000000100000000)
  eden space 4096K, 100% used [0x00000000d5580000,0x00000000d5980000,0x00000000d5980000)
  from space 1024K, 80% used [0x00000000d5a00000,0x00000000d5acd200,0x00000000d5b00000)
  to   space 1024K, 0% used [0x00000000d5b00000,0x00000000d5b00000,0x00000000d5c00000)
 ParOldGen       total 532992K, used 532912K [0x0000000080000000, 0x00000000a0880000, 0x00000000d5580000)
  object space 532992K, 99% used [0x0000000080000000,0x00000000a086c3d0,0x00000000a0880000)
 Metaspace       used 78246K, committed 79936K, reserved 1179648K
  class space    used 8087K, committed 8832K, reserved 1048576K
}
Event: 213.007 GC heap after
{Heap after GC invocations=585 (full 3):
 PSYoungGen      total 4608K, used 480K [0x00000000d5580000, 0x00000000d5b80000, 0x0000000100000000)
  eden space 4096K, 0% used [0x00000000d5580000,0x00000000d5580000,0x00000000d5980000)
  from space 512K, 93% used [0x00000000d5b00000,0x00000000d5b78000,0x00000000d5b80000)
  to   space 1024K, 0% used [0x00000000d5980000,0x00000000d5980000,0x00000000d5a80000)
 ParOldGen       total 534016K, used 533612K [0x0000000080000000, 0x00000000a0980000, 0x00000000d5580000)
  object space 534016K, 99% used [0x0000000080000000,0x00000000a091b1d8,0x00000000a0980000)
 Metaspace       used 78246K, committed 79936K, reserved 1179648K
  class space    used 8087K, committed 8832K, reserved 1048576K
}
Event: 213.038 GC heap before
{Heap before GC invocations=586 (full 3):
 PSYoungGen      total 4608K, used 4576K [0x00000000d5580000, 0x00000000d5b80000, 0x0000000100000000)
  eden space 4096K, 100% used [0x00000000d5580000,0x00000000d5980000,0x00000000d5980000)
  from space 512K, 93% used [0x00000000d5b00000,0x00000000d5b78000,0x00000000d5b80000)
  to   space 1024K, 0% used [0x00000000d5980000,0x00000000d5980000,0x00000000d5a80000)
 ParOldGen       total 534016K, used 533612K [0x0000000080000000, 0x00000000a0980000, 0x00000000d5580000)
  object space 534016K, 99% used [0x0000000080000000,0x00000000a091b1d8,0x00000000a0980000)
 Metaspace       used 78257K, committed 80000K, reserved 1179648K
  class space    used 8087K, committed 8832K, reserved 1048576K
}
Event: 213.045 GC heap after
{Heap after GC invocations=586 (full 3):
 PSYoungGen      total 5120K, used 384K [0x00000000d5580000, 0x00000000d5b80000, 0x0000000100000000)
  eden space 4096K, 0% used [0x00000000d5580000,0x00000000d5580000,0x00000000d5980000)
  from space 1024K, 37% used [0x00000000d5980000,0x00000000d59e0000,0x00000000d5a80000)
  to   space 512K, 0% used [0x00000000d5b00000,0x00000000d5b00000,0x00000000d5b80000)
 ParOldGen       total 534528K, used 534020K [0x0000000080000000, 0x00000000a0a00000, 0x00000000d5580000)
  object space 534528K, 99% used [0x0000000080000000,0x00000000a09811f8,0x00000000a0a00000)
 Metaspace       used 78257K, committed 80000K, reserved 1179648K
  class space    used 8087K, committed 8832K, reserved 1048576K
}
Event: 213.394 GC heap before
{Heap before GC invocations=587 (full 3):
 PSYoungGen      total 5120K, used 4480K [0x00000000d5580000, 0x00000000d5b80000, 0x0000000100000000)
  eden space 4096K, 100% used [0x00000000d5580000,0x00000000d5980000,0x00000000d5980000)
  from space 1024K, 37% used [0x00000000d5980000,0x00000000d59e0000,0x00000000d5a80000)
  to   space 512K, 0% used [0x00000000d5b00000,0x00000000d5b00000,0x00000000d5b80000)
 ParOldGen       total 534528K, used 534020K [0x0000000080000000, 0x00000000a0a00000, 0x00000000d5580000)
  object space 534528K, 99% used [0x0000000080000000,0x00000000a09811f8,0x00000000a0a00000)
 Metaspace       used 78264K, committed 80000K, reserved 1179648K
  class space    used 8087K, committed 8832K, reserved 1048576K
}
Event: 213.398 GC heap after
{Heap after GC invocations=587 (full 3):
 PSYoungGen      total 4608K, used 500K [0x00000000d5580000, 0x00000000d5b80000, 0x0000000100000000)
  eden space 4096K, 0% used [0x00000000d5580000,0x00000000d5580000,0x00000000d5980000)
  from space 512K, 97% used [0x00000000d5b00000,0x00000000d5b7d200,0x00000000d5b80000)
  to   space 1024K, 0% used [0x00000000d5980000,0x00000000d5980000,0x00000000d5a80000)
 ParOldGen       total 534528K, used 534268K [0x0000000080000000, 0x00000000a0a00000, 0x00000000d5580000)
  object space 534528K, 99% used [0x0000000080000000,0x00000000a09bf1f8,0x00000000a0a00000)
 Metaspace       used 78264K, committed 80000K, reserved 1179648K
  class space    used 8087K, committed 8832K, reserved 1048576K
}
Event: 213.417 GC heap before
{Heap before GC invocations=588 (full 3):
 PSYoungGen      total 4608K, used 4596K [0x00000000d5580000, 0x00000000d5b80000, 0x0000000100000000)
  eden space 4096K, 100% used [0x00000000d5580000,0x00000000d5980000,0x00000000d5980000)
  from space 512K, 97% used [0x00000000d5b00000,0x00000000d5b7d200,0x00000000d5b80000)
  to   space 1024K, 0% used [0x00000000d5980000,0x00000000d5980000,0x00000000d5a80000)
 ParOldGen       total 534528K, used 534268K [0x0000000080000000, 0x00000000a0a00000, 0x00000000d5580000)
  object space 534528K, 99% used [0x0000000080000000,0x00000000a09bf1f8,0x00000000a0a00000)
 Metaspace       used 78270K, committed 80000K, reserved 1179648K
  class space    used 8087K, committed 8832K, reserved 1048576K
}
Event: 213.421 GC heap after
{Heap after GC invocations=588 (full 3):
 PSYoungGen      total 5120K, used 640K [0x00000000d5580000, 0x00000000d5b80000, 0x0000000100000000)
  eden space 4096K, 0% used [0x00000000d5580000,0x00000000d5580000,0x00000000d5980000)
  from space 1024K, 62% used [0x00000000d5980000,0x00000000d5a20000,0x00000000d5a80000)
  to   space 1024K, 0% used [0x00000000d5a80000,0x00000000d5a80000,0x00000000d5b80000)
 ParOldGen       total 535040K, used 534667K [0x0000000080000000, 0x00000000a0a80000, 0x00000000d5580000)
  object space 535040K, 99% used [0x0000000080000000,0x00000000a0a22d78,0x00000000a0a80000)
 Metaspace       used 78270K, committed 80000K, reserved 1179648K
  class space    used 8087K, committed 8832K, reserved 1048576K
}
Event: 213.451 GC heap before
{Heap before GC invocations=589 (full 3):
 PSYoungGen      total 5120K, used 4736K [0x00000000d5580000, 0x00000000d5b80000, 0x0000000100000000)
  eden space 4096K, 100% used [0x00000000d5580000,0x00000000d5980000,0x00000000d5980000)
  from space 1024K, 62% used [0x00000000d5980000,0x00000000d5a20000,0x00000000d5a80000)
  to   space 1024K, 0% used [0x00000000d5a80000,0x00000000d5a80000,0x00000000d5b80000)
 ParOldGen       total 535040K, used 534667K [0x0000000080000000, 0x00000000a0a80000, 0x00000000d5580000)
  object space 535040K, 99% used [0x0000000080000000,0x00000000a0a22d78,0x00000000a0a80000)
 Metaspace       used 78295K, committed 80000K, reserved 1179648K
  class space    used 8087K, committed 8832K, reserved 1048576K
}
Event: 213.456 GC heap after
{Heap after GC invocations=589 (full 3):
 PSYoungGen      total 4608K, used 416K [0x00000000d5580000, 0x00000000d5b00000, 0x0000000100000000)
  eden space 4096K, 0% used [0x00000000d5580000,0x00000000d5580000,0x00000000d5980000)
  from space 512K, 81% used [0x00000000d5a80000,0x00000000d5ae8000,0x00000000d5b00000)
  to   space 512K, 0% used [0x00000000d5a00000,0x00000000d5a00000,0x00000000d5a80000)
 ParOldGen       total 535552K, used 535227K [0x0000000080000000, 0x00000000a0b00000, 0x00000000d5580000)
  object space 535552K, 99% used [0x0000000080000000,0x00000000a0aaed78,0x00000000a0b00000)
 Metaspace       used 78295K, committed 80000K, reserved 1179648K
  class space    used 8087K, committed 8832K, reserved 1048576K
}
Event: 213.538 GC heap before
{Heap before GC invocations=590 (full 3):
 PSYoungGen      total 4608K, used 4512K [0x00000000d5580000, 0x00000000d5b00000, 0x0000000100000000)
  eden space 4096K, 100% used [0x00000000d5580000,0x00000000d5980000,0x00000000d5980000)
  from space 512K, 81% used [0x00000000d5a80000,0x00000000d5ae8000,0x00000000d5b00000)
  to   space 512K, 0% used [0x00000000d5a00000,0x00000000d5a00000,0x00000000d5a80000)
 ParOldGen       total 535552K, used 535227K [0x0000000080000000, 0x00000000a0b00000, 0x00000000d5580000)
  object space 535552K, 99% used [0x0000000080000000,0x00000000a0aaed78,0x00000000a0b00000)
 Metaspace       used 78351K, committed 80064K, reserved 1179648K
  class space    used 8088K, committed 8832K, reserved 1048576K
}
Event: 213.541 GC heap after
{Heap after GC invocations=590 (full 3):
 PSYoungGen      total 4608K, used 512K [0x00000000d5580000, 0x00000000d5b80000, 0x0000000100000000)
  eden space 4096K, 0% used [0x00000000d5580000,0x00000000d5580000,0x00000000d5980000)
  from space 512K, 100% used [0x00000000d5a00000,0x00000000d5a80000,0x00000000d5a80000)
  to   space 1024K, 0% used [0x00000000d5a80000,0x00000000d5a80000,0x00000000d5b80000)
 ParOldGen       total 536064K, used 535579K [0x0000000080000000, 0x00000000a0b80000, 0x00000000d5580000)
  object space 536064K, 99% used [0x0000000080000000,0x00000000a0b06d98,0x00000000a0b80000)
 Metaspace       used 78351K, committed 80064K, reserved 1179648K
  class space    used 8088K, committed 8832K, reserved 1048576K
}
Event: 213.593 GC heap before
{Heap before GC invocations=591 (full 3):
 PSYoungGen      total 4608K, used 4608K [0x00000000d5580000, 0x00000000d5b80000, 0x0000000100000000)
  eden space 4096K, 100% used [0x00000000d5580000,0x00000000d5980000,0x00000000d5980000)
  from space 512K, 100% used [0x00000000d5a00000,0x00000000d5a80000,0x00000000d5a80000)
  to   space 1024K, 0% used [0x00000000d5a80000,0x00000000d5a80000,0x00000000d5b80000)
 ParOldGen       total 536064K, used 535579K [0x0000000080000000, 0x00000000a0b80000, 0x00000000d5580000)
  object space 536064K, 99% used [0x0000000080000000,0x00000000a0b06d98,0x00000000a0b80000)
 Metaspace       used 78392K, committed 80128K, reserved 1179648K
  class space    used 8088K, committed 8832K, reserved 1048576K
}
Event: 213.596 GC heap after
{Heap after GC invocations=591 (full 3):
 PSYoungGen      total 4608K, used 224K [0x00000000d5580000, 0x00000000d5b00000, 0x0000000100000000)
  eden space 4096K, 0% used [0x00000000d5580000,0x00000000d5580000,0x00000000d5980000)
  from space 512K, 43% used [0x00000000d5a80000,0x00000000d5ab8000,0x00000000d5b00000)
  to   space 512K, 0% used [0x00000000d5a00000,0x00000000d5a00000,0x00000000d5a80000)
 ParOldGen       total 536064K, used 535971K [0x0000000080000000, 0x00000000a0b80000, 0x00000000d5580000)
  object space 536064K, 99% used [0x0000000080000000,0x00000000a0b68da8,0x00000000a0b80000)
 Metaspace       used 78392K, committed 80128K, reserved 1179648K
  class space    used 8088K, committed 8832K, reserved 1048576K
}
Event: 213.663 GC heap before
{Heap before GC invocations=592 (full 3):
 PSYoungGen      total 4608K, used 1950K [0x00000000d5580000, 0x00000000d5b00000, 0x0000000100000000)
  eden space 4096K, 42% used [0x00000000d5580000,0x00000000d572faa8,0x00000000d5980000)
  from space 512K, 43% used [0x00000000d5a80000,0x00000000d5ab8000,0x00000000d5b00000)
  to   space 512K, 0% used [0x00000000d5a00000,0x00000000d5a00000,0x00000000d5a80000)
 ParOldGen       total 536064K, used 535971K [0x0000000080000000, 0x00000000a0b80000, 0x00000000d5580000)
  object space 536064K, 99% used [0x0000000080000000,0x00000000a0b68da8,0x00000000a0b80000)
 Metaspace       used 78397K, committed 80128K, reserved 1179648K
  class space    used 8088K, committed 8832K, reserved 1048576K
}
Event: 213.666 GC heap after
{Heap after GC invocations=592 (full 3):
 PSYoungGen      total 4608K, used 160K [0x00000000d5580000, 0x00000000d5b00000, 0x0000000100000000)
  eden space 4096K, 0% used [0x00000000d5580000,0x00000000d5580000,0x00000000d5980000)
  from space 512K, 31% used [0x00000000d5a00000,0x00000000d5a28000,0x00000000d5a80000)
  to   space 512K, 0% used [0x00000000d5a80000,0x00000000d5a80000,0x00000000d5b00000)
 ParOldGen       total 536064K, used 536019K [0x0000000080000000, 0x00000000a0b80000, 0x00000000d5580000)
  object space 536064K, 99% used [0x0000000080000000,0x00000000a0b74da8,0x00000000a0b80000)
 Metaspace       used 78397K, committed 80128K, reserved 1179648K
  class space    used 8088K, committed 8832K, reserved 1048576K
}
Event: 213.666 GC heap before
{Heap before GC invocations=593 (full 4):
 PSYoungGen      total 4608K, used 160K [0x00000000d5580000, 0x00000000d5b00000, 0x0000000100000000)
  eden space 4096K, 0% used [0x00000000d5580000,0x00000000d5580000,0x00000000d5980000)
  from space 512K, 31% used [0x00000000d5a00000,0x00000000d5a28000,0x00000000d5a80000)
  to   space 512K, 0% used [0x00000000d5a80000,0x00000000d5a80000,0x00000000d5b00000)
 ParOldGen       total 536064K, used 536019K [0x0000000080000000, 0x00000000a0b80000, 0x00000000d5580000)
  object space 536064K, 99% used [0x0000000080000000,0x00000000a0b74da8,0x00000000a0b80000)
 Metaspace       used 78397K, committed 80128K, reserved 1179648K
  class space    used 8088K, committed 8832K, reserved 1048576K
}
Event: 221.862 GC heap after
{Heap after GC invocations=593 (full 4):
 PSYoungGen      total 4608K, used 0K [0x00000000d5580000, 0x00000000d5b00000, 0x0000000100000000)
  eden space 4096K, 0% used [0x00000000d5580000,0x00000000d5580000,0x00000000d5980000)
  from space 512K, 0% used [0x00000000d5a00000,0x00000000d5a00000,0x00000000d5a80000)
  to   space 512K, 0% used [0x00000000d5a80000,0x00000000d5a80000,0x00000000d5b00000)
 ParOldGen       total 536064K, used 69184K [0x0000000080000000, 0x00000000a0b80000, 0x00000000d5580000)
  object space 536064K, 12% used [0x0000000080000000,0x0000000084390340,0x00000000a0b80000)
 Metaspace       used 78393K, committed 80128K, reserved 1179648K
  class space    used 8087K, committed 8832K, reserved 1048576K
}

